<?xml version="1.0" encoding="UTF-8"?>
<!-- Generated by org.testng.reporters.JUnitReportReporter -->
<testsuite hostname="Asiya" failures="0" tests="3" name="runner.Runner" time="24.785" errors="1" timestamp="2024-08-16T23:02:53 EDT" skipped="0">
  <testcase classname="runner.Runner" name="runScenario" time="4.360">
    <error message="Could not start a new session. Response code 500. Message: Expected browser binary location, but unable to find binary in default location, no &#039;moz:firefoxOptions.binary&#039; capability provided, and no binary flag set on the command line 
Host info: host: &#039;ASIYA&#039;, ip: &#039;192.168.1.226&#039;
Build info: version: &#039;4.17.0&#039;, revision: &#039;e52b1be057*&#039;
System info: os.name: &#039;Windows 11&#039;, os.arch: &#039;amd64&#039;, os.version: &#039;10.0&#039;, java.version: &#039;17.0.10&#039;
Driver info: org.openqa.selenium.firefox.FirefoxDriver
Command: [null, newSession {capabilities=[Capabilities {acceptInsecureCerts: true, browserName: firefox, moz:debuggerAddress: true, moz:firefoxOptions: {}}]}]" type="org.openqa.selenium.SessionNotCreatedException">
      <![CDATA[org.openqa.selenium.SessionNotCreatedException: Could not start a new session. Response code 500. Message: Expected browser binary location, but unable to find binary in default location, no 'moz:firefoxOptions.binary' capability provided, and no binary flag set on the command line 
Host info: host: 'ASIYA', ip: '192.168.1.226'
Build info: version: '4.17.0', revision: 'e52b1be057*'
System info: os.name: 'Windows 11', os.arch: 'amd64', os.version: '10.0', java.version: '17.0.10'
Driver info: org.openqa.selenium.firefox.FirefoxDriver
Command: [null, newSession {capabilities=[Capabilities {acceptInsecureCerts: true, browserName: firefox, moz:debuggerAddress: true, moz:firefoxOptions: {}}]}]
at org.openqa.selenium.remote.ProtocolHandshake.createSession(ProtocolHandshake.java:139)
at org.openqa.selenium.remote.ProtocolHandshake.createSession(ProtocolHandshake.java:95)
at org.openqa.selenium.remote.ProtocolHandshake.createSession(ProtocolHandshake.java:67)
at org.openqa.selenium.remote.HttpCommandExecutor.execute(HttpCommandExecutor.java:162)
at org.openqa.selenium.remote.service.DriverCommandExecutor.invokeExecute(DriverCommandExecutor.java:216)
at org.openqa.selenium.remote.service.DriverCommandExecutor.execute(DriverCommandExecutor.java:174)
at org.openqa.selenium.remote.RemoteWebDriver.execute(RemoteWebDriver.java:519)
at org.openqa.selenium.remote.RemoteWebDriver.startSession(RemoteWebDriver.java:233)
at org.openqa.selenium.remote.RemoteWebDriver.<init>(RemoteWebDriver.java:162)
at org.openqa.selenium.firefox.FirefoxDriver.<init>(FirefoxDriver.java:155)
at org.openqa.selenium.firefox.FirefoxDriver.<init>(FirefoxDriver.java:150)
at org.openqa.selenium.firefox.FirefoxDriver.<init>(FirefoxDriver.java:133)
at org.openqa.selenium.firefox.FirefoxDriver.<init>(FirefoxDriver.java:128)
at org.openqa.selenium.firefox.FirefoxDriver.<init>(FirefoxDriver.java:113)
at org.openqa.selenium.firefox.FirefoxDriver.<init>(FirefoxDriver.java:103)
at basePage.BasePage.getDriver(BasePage.java:20)
at stepDefinition.TestSteps.user_is_on_the_log_in_page_for_browser(TestSteps.java:20)
at ✽.user is on the log in page for "firefox"(file:///C:/Users/asiya/eclipse-workspace/CrossBrowserTesting/src/test/resources/Feature/crossBrowserTesting.feature:4)
]]>
    </error>
  </testcase> <!-- runScenario -->
  <system-out/>
  <testcase classname="runner.Runner" name="runScenario" time="10.512"/>
  <system-out/>
  <testcase classname="runner.Runner" name="runScenario" time="9.913"/>
  <system-out/>
</testsuite> <!-- runner.Runner -->
